2023-03-28T05:38:22+00:00 CRITICAL Uncaught TypeError: ftp_rename(): Argument #1 ($ftp) must be of type resource, null given in /var/www/html/wp-admin/includes/class-wp-filesystem-ftpext.php:372
Stack trace:
#0 /var/www/html/wp-admin/includes/class-wp-filesystem-ftpext.php(372): ftp_rename(NULL, '/tmp/QdVMSTAyLF...', '/var/www/html/w...')
#1 /var/www/html/wp-content/themes/flatsome/inc/admin/kirki/modules/webfonts/class-kirki-fonts-downloader.php(114): WP_Filesystem_FTPext->move('/tmp/QdVMSTAyLF...', '/var/www/html/w...', true)
#2 /var/www/html/wp-content/themes/flatsome/inc/admin/kirki/modules/webfonts/class-kirki-fonts-downloader.php(42): Kirki_Fonts_Downloader->get_local_files_from_css('/* vietnamese *...')
#3 /var/www/html/wp-content/themes/flatsome/inc/admin/kirki/modules/webfonts/class-kirki-fonts-downloader.php(30): Kirki_Fonts_Downloader->get_local_font_styles('/* vietnamese *...')
#4 /var/www/html/wp-content/themes/flatsome/inc/admin/kirki/modules/webfonts/class-kirki-modules-webfonts-embed.php(155): Kirki_Fonts_Downloader->get_styles('https://fonts.g...')
#5 /var/www/html/wp-includes/class-wp-hook.php(308): Kirki_Modules_Webfonts_Embed->the_css('')
#6 /var/www/html/wp-includes/class-wp-hook.php(332): WP_Hook->apply_filters(NULL, Array)
#7 /var/www/html/wp-includes/plugin.php(517): WP_Hook->do_action(Array)
#8 /var/www/html/wp-content/themes/flatsome/inc/admin/kirki/modules/css/class-kirki-modules-css.php(205): do_action('kirki_dynamic_c...')
#9 /var/www/html/wp-content/themes/flatsome/inc/admin/kirki/modules/css/class-kirki-modules-css.php(122): Kirki_Modules_CSS->print_styles()
#10 /var/www/html/wp-includes/class-wp-hook.php(308): Kirki_Modules_CSS->print_styles_inline('')
#11 /var/www/html/wp-includes/class-wp-hook.php(332): WP_Hook->apply_filters(NULL, Array)
#12 /var/www/html/wp-includes/plugin.php(517): WP_Hook->do_action(Array)
#13 /var/www/html/wp-includes/general-template.php(3043): do_action('wp_head')
#14 /var/www/html/wp-content/themes/flatsome/header.php(18): wp_head()
#15 /var/www/html/wp-includes/template.php(783): require_once('/var/www/html/w...')
#16 /var/www/html/wp-includes/template.php(718): load_template('/var/www/html/w...', true, Array)
#17 /var/www/html/wp-includes/general-template.php(48): locate_template(Array, true, true, Array)
#18 /var/www/html/wp-content/themes/flatsome/page-blank.php(9): get_header()
#19 /var/www/html/wp-includes/template-loader.php(106): include('/var/www/html/w...')
#20 /var/www/html/wp-blog-header.php(19): require_once('/var/www/html/w...')
#21 /var/www/html/index.php(17): require('/var/www/html/w...')
#22 {main}
  thrown in /var/www/html/wp-admin/includes/class-wp-filesystem-ftpext.php on line 372

2023-03-28T05:38:28+00:00 CRITICAL Uncaught TypeError: ftp_rename(): Argument #1 ($ftp) must be of type resource, null given in /var/www/html/wp-admin/includes/class-wp-filesystem-ftpext.php:372
Stack trace:
#0 /var/www/html/wp-admin/includes/class-wp-filesystem-ftpext.php(372): ftp_rename(NULL, '/tmp/QdVPSTAyLF...', '/var/www/html/w...')
#1 /var/www/html/wp-content/themes/flatsome/inc/admin/kirki/modules/webfonts/class-kirki-fonts-downloader.php(114): WP_Filesystem_FTPext->move('/tmp/QdVPSTAyLF...', '/var/www/html/w...', true)
#2 /var/www/html/wp-content/themes/flatsome/inc/admin/kirki/modules/webfonts/class-kirki-fonts-downloader.php(42): Kirki_Fonts_Downloader->get_local_files_from_css('/* vietnamese *...')
#3 /var/www/html/wp-content/themes/flatsome/inc/admin/kirki/modules/webfonts/class-kirki-fonts-downloader.php(30): Kirki_Fonts_Downloader->get_local_font_styles('/* vietnamese *...')
#4 /var/www/html/wp-content/themes/flatsome/inc/admin/kirki/modules/webfonts/class-kirki-modules-webfonts-embed.php(155): Kirki_Fonts_Downloader->get_styles('https://fonts.g...')
#5 /var/www/html/wp-includes/class-wp-hook.php(308): Kirki_Modules_Webfonts_Embed->the_css('')
#6 /var/www/html/wp-includes/class-wp-hook.php(332): WP_Hook->apply_filters(NULL, Array)
#7 /var/www/html/wp-includes/plugin.php(517): WP_Hook->do_action(Array)
#8 /var/www/html/wp-content/themes/flatsome/inc/admin/kirki/modules/css/class-kirki-modules-css.php(205): do_action('kirki_dynamic_c...')
#9 /var/www/html/wp-content/themes/flatsome/inc/admin/kirki/modules/css/class-kirki-modules-css.php(122): Kirki_Modules_CSS->print_styles()
#10 /var/www/html/wp-includes/class-wp-hook.php(308): Kirki_Modules_CSS->print_styles_inline('')
#11 /var/www/html/wp-includes/class-wp-hook.php(332): WP_Hook->apply_filters(NULL, Array)
#12 /var/www/html/wp-includes/plugin.php(517): WP_Hook->do_action(Array)
#13 /var/www/html/wp-includes/general-template.php(3043): do_action('wp_head')
#14 /var/www/html/wp-content/themes/flatsome/header.php(18): wp_head()
#15 /var/www/html/wp-includes/template.php(783): require_once('/var/www/html/w...')
#16 /var/www/html/wp-includes/template.php(718): load_template('/var/www/html/w...', true, Array)
#17 /var/www/html/wp-includes/general-template.php(48): locate_template(Array, true, true, Array)
#18 /var/www/html/wp-content/themes/flatsome/page-blank.php(9): get_header()
#19 /var/www/html/wp-includes/template-loader.php(106): include('/var/www/html/w...')
#20 /var/www/html/wp-blog-header.php(19): require_once('/var/www/html/w...')
#21 /var/www/html/index.php(17): require('/var/www/html/w...')
#22 {main}
  thrown in /var/www/html/wp-admin/includes/class-wp-filesystem-ftpext.php on line 372

2023-03-28T05:38:33+00:00 CRITICAL Uncaught TypeError: ftp_rename(): Argument #1 ($ftp) must be of type resource, null given in /var/www/html/wp-admin/includes/class-wp-filesystem-ftpext.php:372
Stack trace:
#0 /var/www/html/wp-admin/includes/class-wp-filesystem-ftpext.php(372): ftp_rename(NULL, '/tmp/QdVPSTAyLF...', '/var/www/html/w...')
#1 /var/www/html/wp-content/themes/flatsome/inc/admin/kirki/modules/webfonts/class-kirki-fonts-downloader.php(114): WP_Filesystem_FTPext->move('/tmp/QdVPSTAyLF...', '/var/www/html/w...', true)
#2 /var/www/html/wp-content/themes/flatsome/inc/admin/kirki/modules/webfonts/class-kirki-fonts-downloader.php(42): Kirki_Fonts_Downloader->get_local_files_from_css('/* vietnamese *...')
#3 /var/www/html/wp-content/themes/flatsome/inc/admin/kirki/modules/webfonts/class-kirki-fonts-downloader.php(30): Kirki_Fonts_Downloader->get_local_font_styles('/* vietnamese *...')
#4 /var/www/html/wp-content/themes/flatsome/inc/admin/kirki/modules/webfonts/class-kirki-modules-webfonts-embed.php(155): Kirki_Fonts_Downloader->get_styles('https://fonts.g...')
#5 /var/www/html/wp-includes/class-wp-hook.php(308): Kirki_Modules_Webfonts_Embed->the_css('')
#6 /var/www/html/wp-includes/class-wp-hook.php(332): WP_Hook->apply_filters(NULL, Array)
#7 /var/www/html/wp-includes/plugin.php(517): WP_Hook->do_action(Array)
#8 /var/www/html/wp-content/themes/flatsome/inc/admin/kirki/modules/css/class-kirki-modules-css.php(205): do_action('kirki_dynamic_c...')
#9 /var/www/html/wp-content/themes/flatsome/inc/admin/kirki/modules/css/class-kirki-modules-css.php(122): Kirki_Modules_CSS->print_styles()
#10 /var/www/html/wp-includes/class-wp-hook.php(308): Kirki_Modules_CSS->print_styles_inline('')
#11 /var/www/html/wp-includes/class-wp-hook.php(332): WP_Hook->apply_filters(NULL, Array)
#12 /var/www/html/wp-includes/plugin.php(517): WP_Hook->do_action(Array)
#13 /var/www/html/wp-includes/general-template.php(3043): do_action('wp_head')
#14 /var/www/html/wp-content/themes/flatsome/header.php(18): wp_head()
#15 /var/www/html/wp-includes/template.php(783): require_once('/var/www/html/w...')
#16 /var/www/html/wp-includes/template.php(718): load_template('/var/www/html/w...', true, Array)
#17 /var/www/html/wp-includes/general-template.php(48): locate_template(Array, true, true, Array)
#18 /var/www/html/wp-content/themes/flatsome/page-blank.php(9): get_header()
#19 /var/www/html/wp-includes/template-loader.php(106): include('/var/www/html/w...')
#20 /var/www/html/wp-blog-header.php(19): require_once('/var/www/html/w...')
#21 /var/www/html/index.php(17): require('/var/www/html/w...')
#22 {main}
  thrown in /var/www/html/wp-admin/includes/class-wp-filesystem-ftpext.php on line 372

2023-03-28T05:39:22+00:00 CRITICAL Uncaught TypeError: ftp_rename(): Argument #1 ($ftp) must be of type resource, null given in /var/www/html/wp-admin/includes/class-wp-filesystem-ftpext.php:372
Stack trace:
#0 /var/www/html/wp-admin/includes/class-wp-filesystem-ftpext.php(372): ftp_rename(NULL, '/tmp/QdVPSTAyLF...', '/var/www/html/w...')
#1 /var/www/html/wp-content/themes/flatsome/inc/admin/kirki/modules/webfonts/class-kirki-fonts-downloader.php(114): WP_Filesystem_FTPext->move('/tmp/QdVPSTAyLF...', '/var/www/html/w...', true)
#2 /var/www/html/wp-content/themes/flatsome/inc/admin/kirki/modules/webfonts/class-kirki-fonts-downloader.php(42): Kirki_Fonts_Downloader->get_local_files_from_css('/* vietnamese *...')
#3 /var/www/html/wp-content/themes/flatsome/inc/admin/kirki/modules/webfonts/class-kirki-fonts-downloader.php(30): Kirki_Fonts_Downloader->get_local_font_styles('/* vietnamese *...')
#4 /var/www/html/wp-content/themes/flatsome/inc/admin/kirki/modules/webfonts/class-kirki-modules-webfonts-embed.php(155): Kirki_Fonts_Downloader->get_styles('https://fonts.g...')
#5 /var/www/html/wp-includes/class-wp-hook.php(308): Kirki_Modules_Webfonts_Embed->the_css('')
#6 /var/www/html/wp-includes/class-wp-hook.php(332): WP_Hook->apply_filters(NULL, Array)
#7 /var/www/html/wp-includes/plugin.php(517): WP_Hook->do_action(Array)
#8 /var/www/html/wp-content/themes/flatsome/inc/admin/kirki/modules/css/class-kirki-modules-css.php(205): do_action('kirki_dynamic_c...')
#9 /var/www/html/wp-content/themes/flatsome/inc/admin/kirki/modules/css/class-kirki-modules-css.php(122): Kirki_Modules_CSS->print_styles()
#10 /var/www/html/wp-includes/class-wp-hook.php(308): Kirki_Modules_CSS->print_styles_inline('')
#11 /var/www/html/wp-includes/class-wp-hook.php(332): WP_Hook->apply_filters(NULL, Array)
#12 /var/www/html/wp-includes/plugin.php(517): WP_Hook->do_action(Array)
#13 /var/www/html/wp-includes/general-template.php(3043): do_action('wp_head')
#14 /var/www/html/wp-content/themes/flatsome/header.php(18): wp_head()
#15 /var/www/html/wp-includes/template.php(783): require_once('/var/www/html/w...')
#16 /var/www/html/wp-includes/template.php(718): load_template('/var/www/html/w...', true, Array)
#17 /var/www/html/wp-includes/general-template.php(48): locate_template(Array, true, true, Array)
#18 /var/www/html/wp-content/themes/flatsome/page-blank.php(9): get_header()
#19 /var/www/html/wp-includes/template-loader.php(106): include('/var/www/html/w...')
#20 /var/www/html/wp-blog-header.php(19): require_once('/var/www/html/w...')
#21 /var/www/html/index.php(17): require('/var/www/html/w...')
#22 {main}
  thrown in /var/www/html/wp-admin/includes/class-wp-filesystem-ftpext.php on line 372

2023-03-28T05:40:41+00:00 CRITICAL Uncaught TypeError: ftp_rename(): Argument #1 ($ftp) must be of type resource, null given in /var/www/html/wp-admin/includes/class-wp-filesystem-ftpext.php:372
Stack trace:
#0 /var/www/html/wp-admin/includes/class-wp-filesystem-ftpext.php(372): ftp_rename(NULL, '/tmp/QdVPSTAyLF...', '/var/www/html/w...')
#1 /var/www/html/wp-content/themes/flatsome/inc/admin/kirki/modules/webfonts/class-kirki-fonts-downloader.php(114): WP_Filesystem_FTPext->move('/tmp/QdVPSTAyLF...', '/var/www/html/w...', true)
#2 /var/www/html/wp-content/themes/flatsome/inc/admin/kirki/modules/webfonts/class-kirki-fonts-downloader.php(42): Kirki_Fonts_Downloader->get_local_files_from_css('/* vietnamese *...')
#3 /var/www/html/wp-content/themes/flatsome/inc/admin/kirki/modules/webfonts/class-kirki-fonts-downloader.php(30): Kirki_Fonts_Downloader->get_local_font_styles('/* vietnamese *...')
#4 /var/www/html/wp-content/themes/flatsome/inc/admin/kirki/modules/webfonts/class-kirki-modules-webfonts-embed.php(155): Kirki_Fonts_Downloader->get_styles('https://fonts.g...')
#5 /var/www/html/wp-includes/class-wp-hook.php(308): Kirki_Modules_Webfonts_Embed->the_css('')
#6 /var/www/html/wp-includes/class-wp-hook.php(332): WP_Hook->apply_filters(NULL, Array)
#7 /var/www/html/wp-includes/plugin.php(517): WP_Hook->do_action(Array)
#8 /var/www/html/wp-content/themes/flatsome/inc/admin/kirki/modules/css/class-kirki-modules-css.php(205): do_action('kirki_dynamic_c...')
#9 /var/www/html/wp-content/themes/flatsome/inc/admin/kirki/modules/css/class-kirki-modules-css.php(122): Kirki_Modules_CSS->print_styles()
#10 /var/www/html/wp-includes/class-wp-hook.php(308): Kirki_Modules_CSS->print_styles_inline('')
#11 /var/www/html/wp-includes/class-wp-hook.php(332): WP_Hook->apply_filters(NULL, Array)
#12 /var/www/html/wp-includes/plugin.php(517): WP_Hook->do_action(Array)
#13 /var/www/html/wp-includes/general-template.php(3043): do_action('wp_head')
#14 /var/www/html/wp-content/themes/flatsome/header.php(18): wp_head()
#15 /var/www/html/wp-includes/template.php(783): require_once('/var/www/html/w...')
#16 /var/www/html/wp-includes/template.php(718): load_template('/var/www/html/w...', true, Array)
#17 /var/www/html/wp-includes/general-template.php(48): locate_template(Array, true, true, Array)
#18 /var/www/html/wp-content/themes/flatsome/page-blank.php(9): get_header()
#19 /var/www/html/wp-includes/template-loader.php(106): include('/var/www/html/w...')
#20 /var/www/html/wp-blog-header.php(19): require_once('/var/www/html/w...')
#21 /var/www/html/index.php(17): require('/var/www/html/w...')
#22 {main}
  thrown in /var/www/html/wp-admin/includes/class-wp-filesystem-ftpext.php on line 372

2023-03-28T05:41:57+00:00 CRITICAL Uncaught TypeError: ftp_rename(): Argument #1 ($ftp) must be of type resource, null given in /var/www/html/wp-admin/includes/class-wp-filesystem-ftpext.php:372
Stack trace:
#0 /var/www/html/wp-admin/includes/class-wp-filesystem-ftpext.php(372): ftp_rename(NULL, '/tmp/QdVPSTAyLF...', '/var/www/html/w...')
#1 /var/www/html/wp-content/themes/flatsome/inc/admin/kirki/modules/webfonts/class-kirki-fonts-downloader.php(114): WP_Filesystem_FTPext->move('/tmp/QdVPSTAyLF...', '/var/www/html/w...', true)
#2 /var/www/html/wp-content/themes/flatsome/inc/admin/kirki/modules/webfonts/class-kirki-fonts-downloader.php(42): Kirki_Fonts_Downloader->get_local_files_from_css('/* vietnamese *...')
#3 /var/www/html/wp-content/themes/flatsome/inc/admin/kirki/modules/webfonts/class-kirki-fonts-downloader.php(30): Kirki_Fonts_Downloader->get_local_font_styles('/* vietnamese *...')
#4 /var/www/html/wp-content/themes/flatsome/inc/admin/kirki/modules/webfonts/class-kirki-modules-webfonts-embed.php(155): Kirki_Fonts_Downloader->get_styles('https://fonts.g...')
#5 /var/www/html/wp-includes/class-wp-hook.php(308): Kirki_Modules_Webfonts_Embed->the_css('')
#6 /var/www/html/wp-includes/class-wp-hook.php(332): WP_Hook->apply_filters(NULL, Array)
#7 /var/www/html/wp-includes/plugin.php(517): WP_Hook->do_action(Array)
#8 /var/www/html/wp-content/themes/flatsome/inc/admin/kirki/modules/css/class-kirki-modules-css.php(205): do_action('kirki_dynamic_c...')
#9 /var/www/html/wp-content/themes/flatsome/inc/admin/kirki/modules/css/class-kirki-modules-css.php(122): Kirki_Modules_CSS->print_styles()
#10 /var/www/html/wp-includes/class-wp-hook.php(308): Kirki_Modules_CSS->print_styles_inline('')
#11 /var/www/html/wp-includes/class-wp-hook.php(332): WP_Hook->apply_filters(NULL, Array)
#12 /var/www/html/wp-includes/plugin.php(517): WP_Hook->do_action(Array)
#13 /var/www/html/wp-includes/general-template.php(3043): do_action('wp_head')
#14 /var/www/html/wp-content/themes/flatsome/header.php(18): wp_head()
#15 /var/www/html/wp-includes/template.php(783): require_once('/var/www/html/w...')
#16 /var/www/html/wp-includes/template.php(718): load_template('/var/www/html/w...', true, Array)
#17 /var/www/html/wp-includes/general-template.php(48): locate_template(Array, true, true, Array)
#18 /var/www/html/wp-content/themes/flatsome/page-blank.php(9): get_header()
#19 /var/www/html/wp-includes/template-loader.php(106): include('/var/www/html/w...')
#20 /var/www/html/wp-blog-header.php(19): require_once('/var/www/html/w...')
#21 /var/www/html/index.php(17): require('/var/www/html/w...')
#22 {main}
  thrown in /var/www/html/wp-admin/includes/class-wp-filesystem-ftpext.php on line 372

2023-03-28T05:42:47+00:00 CRITICAL Uncaught TypeError: ftp_rename(): Argument #1 ($ftp) must be of type resource, null given in /var/www/html/wp-admin/includes/class-wp-filesystem-ftpext.php:372
Stack trace:
#0 /var/www/html/wp-admin/includes/class-wp-filesystem-ftpext.php(372): ftp_rename(NULL, '/tmp/QdVPSTAyLF...', '/var/www/html/w...')
#1 /var/www/html/wp-content/themes/flatsome/inc/admin/kirki/modules/webfonts/class-kirki-fonts-downloader.php(114): WP_Filesystem_FTPext->move('/tmp/QdVPSTAyLF...', '/var/www/html/w...', true)
#2 /var/www/html/wp-content/themes/flatsome/inc/admin/kirki/modules/webfonts/class-kirki-fonts-downloader.php(42): Kirki_Fonts_Downloader->get_local_files_from_css('/* vietnamese *...')
#3 /var/www/html/wp-content/themes/flatsome/inc/admin/kirki/modules/webfonts/class-kirki-fonts-downloader.php(30): Kirki_Fonts_Downloader->get_local_font_styles('/* vietnamese *...')
#4 /var/www/html/wp-content/themes/flatsome/inc/admin/kirki/modules/webfonts/class-kirki-modules-webfonts-embed.php(155): Kirki_Fonts_Downloader->get_styles('https://fonts.g...')
#5 /var/www/html/wp-includes/class-wp-hook.php(308): Kirki_Modules_Webfonts_Embed->the_css('')
#6 /var/www/html/wp-includes/class-wp-hook.php(332): WP_Hook->apply_filters(NULL, Array)
#7 /var/www/html/wp-includes/plugin.php(517): WP_Hook->do_action(Array)
#8 /var/www/html/wp-content/themes/flatsome/inc/admin/kirki/modules/css/class-kirki-modules-css.php(205): do_action('kirki_dynamic_c...')
#9 /var/www/html/wp-content/themes/flatsome/inc/admin/kirki/modules/css/class-kirki-modules-css.php(122): Kirki_Modules_CSS->print_styles()
#10 /var/www/html/wp-includes/class-wp-hook.php(308): Kirki_Modules_CSS->print_styles_inline('')
#11 /var/www/html/wp-includes/class-wp-hook.php(332): WP_Hook->apply_filters(NULL, Array)
#12 /var/www/html/wp-includes/plugin.php(517): WP_Hook->do_action(Array)
#13 /var/www/html/wp-includes/general-template.php(3043): do_action('wp_head')
#14 /var/www/html/wp-content/themes/flatsome/header.php(18): wp_head()
#15 /var/www/html/wp-includes/template.php(783): require_once('/var/www/html/w...')
#16 /var/www/html/wp-includes/template.php(718): load_template('/var/www/html/w...', true, Array)
#17 /var/www/html/wp-includes/general-template.php(48): locate_template(Array, true, true, Array)
#18 /var/www/html/wp-content/themes/flatsome/page-blank.php(9): get_header()
#19 /var/www/html/wp-includes/template-loader.php(106): include('/var/www/html/w...')
#20 /var/www/html/wp-blog-header.php(19): require_once('/var/www/html/w...')
#21 /var/www/html/index.php(17): require('/var/www/html/w...')
#22 {main}
  thrown in /var/www/html/wp-admin/includes/class-wp-filesystem-ftpext.php on line 372

2023-03-28T05:43:09+00:00 CRITICAL Uncaught TypeError: ftp_rename(): Argument #1 ($ftp) must be of type resource, null given in /var/www/html/wp-admin/includes/class-wp-filesystem-ftpext.php:372
Stack trace:
#0 /var/www/html/wp-admin/includes/class-wp-filesystem-ftpext.php(372): ftp_rename(NULL, '/tmp/QdVPSTAyLF...', '/var/www/html/w...')
#1 /var/www/html/wp-content/themes/flatsome/inc/admin/kirki/modules/webfonts/class-kirki-fonts-downloader.php(114): WP_Filesystem_FTPext->move('/tmp/QdVPSTAyLF...', '/var/www/html/w...', true)
#2 /var/www/html/wp-content/themes/flatsome/inc/admin/kirki/modules/webfonts/class-kirki-fonts-downloader.php(42): Kirki_Fonts_Downloader->get_local_files_from_css('/* vietnamese *...')
#3 /var/www/html/wp-content/themes/flatsome/inc/admin/kirki/modules/webfonts/class-kirki-fonts-downloader.php(30): Kirki_Fonts_Downloader->get_local_font_styles('/* vietnamese *...')
#4 /var/www/html/wp-content/themes/flatsome/inc/admin/kirki/modules/webfonts/class-kirki-modules-webfonts-embed.php(155): Kirki_Fonts_Downloader->get_styles('https://fonts.g...')
#5 /var/www/html/wp-includes/class-wp-hook.php(308): Kirki_Modules_Webfonts_Embed->the_css('')
#6 /var/www/html/wp-includes/class-wp-hook.php(332): WP_Hook->apply_filters(NULL, Array)
#7 /var/www/html/wp-includes/plugin.php(517): WP_Hook->do_action(Array)
#8 /var/www/html/wp-content/themes/flatsome/inc/admin/kirki/modules/css/class-kirki-modules-css.php(205): do_action('kirki_dynamic_c...')
#9 /var/www/html/wp-content/themes/flatsome/inc/admin/kirki/modules/css/class-kirki-modules-css.php(122): Kirki_Modules_CSS->print_styles()
#10 /var/www/html/wp-includes/class-wp-hook.php(308): Kirki_Modules_CSS->print_styles_inline('')
#11 /var/www/html/wp-includes/class-wp-hook.php(332): WP_Hook->apply_filters(NULL, Array)
#12 /var/www/html/wp-includes/plugin.php(517): WP_Hook->do_action(Array)
#13 /var/www/html/wp-includes/general-template.php(3043): do_action('wp_head')
#14 /var/www/html/wp-content/themes/flatsome/header.php(18): wp_head()
#15 /var/www/html/wp-includes/template.php(783): require_once('/var/www/html/w...')
#16 /var/www/html/wp-includes/template.php(718): load_template('/var/www/html/w...', true, Array)
#17 /var/www/html/wp-includes/general-template.php(48): locate_template(Array, true, true, Array)
#18 /var/www/html/wp-content/themes/flatsome/page-blank.php(9): get_header()
#19 /var/www/html/wp-includes/template-loader.php(106): include('/var/www/html/w...')
#20 /var/www/html/wp-blog-header.php(19): require_once('/var/www/html/w...')
#21 /var/www/html/index.php(17): require('/var/www/html/w...')
#22 {main}
  thrown in /var/www/html/wp-admin/includes/class-wp-filesystem-ftpext.php on line 372

2023-03-28T05:44:24+00:00 CRITICAL Uncaught TypeError: ftp_rename(): Argument #1 ($ftp) must be of type resource, null given in /var/www/html/wp-admin/includes/class-wp-filesystem-ftpext.php:372
Stack trace:
#0 /var/www/html/wp-admin/includes/class-wp-filesystem-ftpext.php(372): ftp_rename(NULL, '/tmp/QdVPSTAyLF...', '/var/www/html/w...')
#1 /var/www/html/wp-content/themes/flatsome/inc/admin/kirki/modules/webfonts/class-kirki-fonts-downloader.php(114): WP_Filesystem_FTPext->move('/tmp/QdVPSTAyLF...', '/var/www/html/w...', true)
#2 /var/www/html/wp-content/themes/flatsome/inc/admin/kirki/modules/webfonts/class-kirki-fonts-downloader.php(42): Kirki_Fonts_Downloader->get_local_files_from_css('/* vietnamese *...')
#3 /var/www/html/wp-content/themes/flatsome/inc/admin/kirki/modules/webfonts/class-kirki-fonts-downloader.php(30): Kirki_Fonts_Downloader->get_local_font_styles('/* vietnamese *...')
#4 /var/www/html/wp-content/themes/flatsome/inc/admin/kirki/modules/webfonts/class-kirki-modules-webfonts-embed.php(155): Kirki_Fonts_Downloader->get_styles('https://fonts.g...')
#5 /var/www/html/wp-includes/class-wp-hook.php(308): Kirki_Modules_Webfonts_Embed->the_css('')
#6 /var/www/html/wp-includes/class-wp-hook.php(332): WP_Hook->apply_filters(NULL, Array)
#7 /var/www/html/wp-includes/plugin.php(517): WP_Hook->do_action(Array)
#8 /var/www/html/wp-content/themes/flatsome/inc/admin/kirki/modules/css/class-kirki-modules-css.php(205): do_action('kirki_dynamic_c...')
#9 /var/www/html/wp-content/themes/flatsome/inc/admin/kirki/modules/css/class-kirki-modules-css.php(122): Kirki_Modules_CSS->print_styles()
#10 /var/www/html/wp-includes/class-wp-hook.php(308): Kirki_Modules_CSS->print_styles_inline('')
#11 /var/www/html/wp-includes/class-wp-hook.php(332): WP_Hook->apply_filters(NULL, Array)
#12 /var/www/html/wp-includes/plugin.php(517): WP_Hook->do_action(Array)
#13 /var/www/html/wp-includes/general-template.php(3043): do_action('wp_head')
#14 /var/www/html/wp-content/themes/flatsome/header.php(18): wp_head()
#15 /var/www/html/wp-includes/template.php(783): require_once('/var/www/html/w...')
#16 /var/www/html/wp-includes/template.php(718): load_template('/var/www/html/w...', true, Array)
#17 /var/www/html/wp-includes/general-template.php(48): locate_template(Array, true, true, Array)
#18 /var/www/html/wp-content/themes/flatsome/page-blank.php(9): get_header()
#19 /var/www/html/wp-includes/template-loader.php(106): include('/var/www/html/w...')
#20 /var/www/html/wp-blog-header.php(19): require_once('/var/www/html/w...')
#21 /var/www/html/index.php(17): require('/var/www/html/w...')
#22 {main}
  thrown in /var/www/html/wp-admin/includes/class-wp-filesystem-ftpext.php on line 372

2023-03-28T05:44:26+00:00 CRITICAL Uncaught TypeError: ftp_rename(): Argument #1 ($ftp) must be of type resource, null given in /var/www/html/wp-admin/includes/class-wp-filesystem-ftpext.php:372
Stack trace:
#0 /var/www/html/wp-admin/includes/class-wp-filesystem-ftpext.php(372): ftp_rename(NULL, '/tmp/QdVPSTAyLF...', '/var/www/html/w...')
#1 /var/www/html/wp-content/themes/flatsome/inc/admin/kirki/modules/webfonts/class-kirki-fonts-downloader.php(114): WP_Filesystem_FTPext->move('/tmp/QdVPSTAyLF...', '/var/www/html/w...', true)
#2 /var/www/html/wp-content/themes/flatsome/inc/admin/kirki/modules/webfonts/class-kirki-fonts-downloader.php(42): Kirki_Fonts_Downloader->get_local_files_from_css('/* vietnamese *...')
#3 /var/www/html/wp-content/themes/flatsome/inc/admin/kirki/modules/webfonts/class-kirki-fonts-downloader.php(30): Kirki_Fonts_Downloader->get_local_font_styles('/* vietnamese *...')
#4 /var/www/html/wp-content/themes/flatsome/inc/admin/kirki/modules/webfonts/class-kirki-modules-webfonts-embed.php(155): Kirki_Fonts_Downloader->get_styles('https://fonts.g...')
#5 /var/www/html/wp-includes/class-wp-hook.php(308): Kirki_Modules_Webfonts_Embed->the_css('')
#6 /var/www/html/wp-includes/class-wp-hook.php(332): WP_Hook->apply_filters(NULL, Array)
#7 /var/www/html/wp-includes/plugin.php(517): WP_Hook->do_action(Array)
#8 /var/www/html/wp-content/themes/flatsome/inc/admin/kirki/modules/css/class-kirki-modules-css.php(205): do_action('kirki_dynamic_c...')
#9 /var/www/html/wp-content/themes/flatsome/inc/admin/kirki/modules/css/class-kirki-modules-css.php(122): Kirki_Modules_CSS->print_styles()
#10 /var/www/html/wp-includes/class-wp-hook.php(308): Kirki_Modules_CSS->print_styles_inline('')
#11 /var/www/html/wp-includes/class-wp-hook.php(332): WP_Hook->apply_filters(NULL, Array)
#12 /var/www/html/wp-includes/plugin.php(517): WP_Hook->do_action(Array)
#13 /var/www/html/wp-includes/general-template.php(3043): do_action('wp_head')
#14 /var/www/html/wp-content/themes/flatsome/header.php(18): wp_head()
#15 /var/www/html/wp-includes/template.php(783): require_once('/var/www/html/w...')
#16 /var/www/html/wp-includes/template.php(718): load_template('/var/www/html/w...', true, Array)
#17 /var/www/html/wp-includes/general-template.php(48): locate_template(Array, true, true, Array)
#18 /var/www/html/wp-content/themes/flatsome/page-blank.php(9): get_header()
#19 /var/www/html/wp-includes/template-loader.php(106): include('/var/www/html/w...')
#20 /var/www/html/wp-blog-header.php(19): require_once('/var/www/html/w...')
#21 /var/www/html/index.php(17): require('/var/www/html/w...')
#22 {main}
  thrown in /var/www/html/wp-admin/includes/class-wp-filesystem-ftpext.php on line 372

2023-03-28T05:44:46+00:00 CRITICAL Uncaught TypeError: ftp_rename(): Argument #1 ($ftp) must be of type resource, null given in /var/www/html/wp-admin/includes/class-wp-filesystem-ftpext.php:372
Stack trace:
#0 /var/www/html/wp-admin/includes/class-wp-filesystem-ftpext.php(372): ftp_rename(NULL, '/tmp/QdVPSTAyLF...', '/var/www/html/w...')
#1 /var/www/html/wp-content/themes/flatsome/inc/admin/kirki/modules/webfonts/class-kirki-fonts-downloader.php(114): WP_Filesystem_FTPext->move('/tmp/QdVPSTAyLF...', '/var/www/html/w...', true)
#2 /var/www/html/wp-content/themes/flatsome/inc/admin/kirki/modules/webfonts/class-kirki-fonts-downloader.php(42): Kirki_Fonts_Downloader->get_local_files_from_css('/* vietnamese *...')
#3 /var/www/html/wp-content/themes/flatsome/inc/admin/kirki/modules/webfonts/class-kirki-fonts-downloader.php(30): Kirki_Fonts_Downloader->get_local_font_styles('/* vietnamese *...')
#4 /var/www/html/wp-content/themes/flatsome/inc/admin/kirki/modules/webfonts/class-kirki-modules-webfonts-embed.php(155): Kirki_Fonts_Downloader->get_styles('https://fonts.g...')
#5 /var/www/html/wp-includes/class-wp-hook.php(308): Kirki_Modules_Webfonts_Embed->the_css('')
#6 /var/www/html/wp-includes/class-wp-hook.php(332): WP_Hook->apply_filters(NULL, Array)
#7 /var/www/html/wp-includes/plugin.php(517): WP_Hook->do_action(Array)
#8 /var/www/html/wp-content/themes/flatsome/inc/admin/kirki/modules/css/class-kirki-modules-css.php(205): do_action('kirki_dynamic_c...')
#9 /var/www/html/wp-content/themes/flatsome/inc/admin/kirki/modules/css/class-kirki-modules-css.php(122): Kirki_Modules_CSS->print_styles()
#10 /var/www/html/wp-includes/class-wp-hook.php(308): Kirki_Modules_CSS->print_styles_inline('')
#11 /var/www/html/wp-includes/class-wp-hook.php(332): WP_Hook->apply_filters(NULL, Array)
#12 /var/www/html/wp-includes/plugin.php(517): WP_Hook->do_action(Array)
#13 /var/www/html/wp-includes/general-template.php(3043): do_action('wp_head')
#14 /var/www/html/wp-content/themes/flatsome/header.php(18): wp_head()
#15 /var/www/html/wp-includes/template.php(783): require_once('/var/www/html/w...')
#16 /var/www/html/wp-includes/template.php(718): load_template('/var/www/html/w...', true, Array)
#17 /var/www/html/wp-includes/general-template.php(48): locate_template(Array, true, true, Array)
#18 /var/www/html/wp-content/themes/flatsome/page-blank.php(9): get_header()
#19 /var/www/html/wp-includes/template-loader.php(106): include('/var/www/html/w...')
#20 /var/www/html/wp-blog-header.php(19): require_once('/var/www/html/w...')
#21 /var/www/html/index.php(17): require('/var/www/html/w...')
#22 {main}
  thrown in /var/www/html/wp-admin/includes/class-wp-filesystem-ftpext.php on line 372

2023-03-28T05:45:08+00:00 CRITICAL Uncaught TypeError: ftp_rename(): Argument #1 ($ftp) must be of type resource, null given in /var/www/html/wp-admin/includes/class-wp-filesystem-ftpext.php:372
Stack trace:
#0 /var/www/html/wp-admin/includes/class-wp-filesystem-ftpext.php(372): ftp_rename(NULL, '/tmp/QdVPSTAyLF...', '/var/www/html/w...')
#1 /var/www/html/wp-content/themes/flatsome/inc/admin/kirki/modules/webfonts/class-kirki-fonts-downloader.php(114): WP_Filesystem_FTPext->move('/tmp/QdVPSTAyLF...', '/var/www/html/w...', true)
#2 /var/www/html/wp-content/themes/flatsome/inc/admin/kirki/modules/webfonts/class-kirki-fonts-downloader.php(42): Kirki_Fonts_Downloader->get_local_files_from_css('/* vietnamese *...')
#3 /var/www/html/wp-content/themes/flatsome/inc/admin/kirki/modules/webfonts/class-kirki-fonts-downloader.php(30): Kirki_Fonts_Downloader->get_local_font_styles('/* vietnamese *...')
#4 /var/www/html/wp-content/themes/flatsome/inc/admin/kirki/modules/webfonts/class-kirki-modules-webfonts-embed.php(155): Kirki_Fonts_Downloader->get_styles('https://fonts.g...')
#5 /var/www/html/wp-includes/class-wp-hook.php(308): Kirki_Modules_Webfonts_Embed->the_css('')
#6 /var/www/html/wp-includes/class-wp-hook.php(332): WP_Hook->apply_filters(NULL, Array)
#7 /var/www/html/wp-includes/plugin.php(517): WP_Hook->do_action(Array)
#8 /var/www/html/wp-content/themes/flatsome/inc/admin/kirki/modules/css/class-kirki-modules-css.php(205): do_action('kirki_dynamic_c...')
#9 /var/www/html/wp-content/themes/flatsome/inc/admin/kirki/modules/css/class-kirki-modules-css.php(122): Kirki_Modules_CSS->print_styles()
#10 /var/www/html/wp-includes/class-wp-hook.php(308): Kirki_Modules_CSS->print_styles_inline('')
#11 /var/www/html/wp-includes/class-wp-hook.php(332): WP_Hook->apply_filters(NULL, Array)
#12 /var/www/html/wp-includes/plugin.php(517): WP_Hook->do_action(Array)
#13 /var/www/html/wp-includes/general-template.php(3043): do_action('wp_head')
#14 /var/www/html/wp-content/themes/flatsome/header.php(18): wp_head()
#15 /var/www/html/wp-includes/template.php(783): require_once('/var/www/html/w...')
#16 /var/www/html/wp-includes/template.php(718): load_template('/var/www/html/w...', true, Array)
#17 /var/www/html/wp-includes/general-template.php(48): locate_template(Array, true, true, Array)
#18 /var/www/html/wp-content/themes/flatsome/page-blank.php(9): get_header()
#19 /var/www/html/wp-includes/template-loader.php(106): include('/var/www/html/w...')
#20 /var/www/html/wp-blog-header.php(19): require_once('/var/www/html/w...')
#21 /var/www/html/index.php(17): require('/var/www/html/w...')
#22 {main}
  thrown in /var/www/html/wp-admin/includes/class-wp-filesystem-ftpext.php on line 372

2023-03-28T05:45:28+00:00 CRITICAL Uncaught TypeError: ftp_rename(): Argument #1 ($ftp) must be of type resource, null given in /var/www/html/wp-admin/includes/class-wp-filesystem-ftpext.php:372
Stack trace:
#0 /var/www/html/wp-admin/includes/class-wp-filesystem-ftpext.php(372): ftp_rename(NULL, '/tmp/QdVPSTAyLF...', '/var/www/html/w...')
#1 /var/www/html/wp-content/themes/flatsome/inc/admin/kirki/modules/webfonts/class-kirki-fonts-downloader.php(114): WP_Filesystem_FTPext->move('/tmp/QdVPSTAyLF...', '/var/www/html/w...', true)
#2 /var/www/html/wp-content/themes/flatsome/inc/admin/kirki/modules/webfonts/class-kirki-fonts-downloader.php(42): Kirki_Fonts_Downloader->get_local_files_from_css('/* vietnamese *...')
#3 /var/www/html/wp-content/themes/flatsome/inc/admin/kirki/modules/webfonts/class-kirki-fonts-downloader.php(30): Kirki_Fonts_Downloader->get_local_font_styles('/* vietnamese *...')
#4 /var/www/html/wp-content/themes/flatsome/inc/admin/kirki/modules/webfonts/class-kirki-modules-webfonts-embed.php(155): Kirki_Fonts_Downloader->get_styles('https://fonts.g...')
#5 /var/www/html/wp-includes/class-wp-hook.php(308): Kirki_Modules_Webfonts_Embed->the_css('')
#6 /var/www/html/wp-includes/class-wp-hook.php(332): WP_Hook->apply_filters(NULL, Array)
#7 /var/www/html/wp-includes/plugin.php(517): WP_Hook->do_action(Array)
#8 /var/www/html/wp-content/themes/flatsome/inc/admin/kirki/modules/css/class-kirki-modules-css.php(205): do_action('kirki_dynamic_c...')
#9 /var/www/html/wp-content/themes/flatsome/inc/admin/kirki/modules/css/class-kirki-modules-css.php(122): Kirki_Modules_CSS->print_styles()
#10 /var/www/html/wp-includes/class-wp-hook.php(308): Kirki_Modules_CSS->print_styles_inline('')
#11 /var/www/html/wp-includes/class-wp-hook.php(332): WP_Hook->apply_filters(NULL, Array)
#12 /var/www/html/wp-includes/plugin.php(517): WP_Hook->do_action(Array)
#13 /var/www/html/wp-includes/general-template.php(3043): do_action('wp_head')
#14 /var/www/html/wp-content/themes/flatsome/header.php(18): wp_head()
#15 /var/www/html/wp-includes/template.php(783): require_once('/var/www/html/w...')
#16 /var/www/html/wp-includes/template.php(718): load_template('/var/www/html/w...', true, Array)
#17 /var/www/html/wp-includes/general-template.php(48): locate_template(Array, true, true, Array)
#18 /var/www/html/wp-content/themes/flatsome/page-blank.php(9): get_header()
#19 /var/www/html/wp-includes/template-loader.php(106): include('/var/www/html/w...')
#20 /var/www/html/wp-blog-header.php(19): require_once('/var/www/html/w...')
#21 /var/www/html/index.php(17): require('/var/www/html/w...')
#22 {main}
  thrown in /var/www/html/wp-admin/includes/class-wp-filesystem-ftpext.php on line 372

2023-03-28T05:47:59+00:00 CRITICAL Uncaught TypeError: ftp_rename(): Argument #1 ($ftp) must be of type resource, null given in /var/www/html/wp-admin/includes/class-wp-filesystem-ftpext.php:372
Stack trace:
#0 /var/www/html/wp-admin/includes/class-wp-filesystem-ftpext.php(372): ftp_rename(NULL, '/tmp/QdVPSTAyLF...', '/var/www/html/w...')
#1 /var/www/html/wp-content/themes/flatsome/inc/admin/kirki/modules/webfonts/class-kirki-fonts-downloader.php(114): WP_Filesystem_FTPext->move('/tmp/QdVPSTAyLF...', '/var/www/html/w...', true)
#2 /var/www/html/wp-content/themes/flatsome/inc/admin/kirki/modules/webfonts/class-kirki-fonts-downloader.php(42): Kirki_Fonts_Downloader->get_local_files_from_css('/* vietnamese *...')
#3 /var/www/html/wp-content/themes/flatsome/inc/admin/kirki/modules/webfonts/class-kirki-fonts-downloader.php(30): Kirki_Fonts_Downloader->get_local_font_styles('/* vietnamese *...')
#4 /var/www/html/wp-content/themes/flatsome/inc/admin/kirki/modules/webfonts/class-kirki-modules-webfonts-embed.php(155): Kirki_Fonts_Downloader->get_styles('https://fonts.g...')
#5 /var/www/html/wp-includes/class-wp-hook.php(308): Kirki_Modules_Webfonts_Embed->the_css('')
#6 /var/www/html/wp-includes/class-wp-hook.php(332): WP_Hook->apply_filters(NULL, Array)
#7 /var/www/html/wp-includes/plugin.php(517): WP_Hook->do_action(Array)
#8 /var/www/html/wp-content/themes/flatsome/inc/admin/kirki/modules/css/class-kirki-modules-css.php(205): do_action('kirki_dynamic_c...')
#9 /var/www/html/wp-content/themes/flatsome/inc/admin/kirki/modules/css/class-kirki-modules-css.php(122): Kirki_Modules_CSS->print_styles()
#10 /var/www/html/wp-includes/class-wp-hook.php(308): Kirki_Modules_CSS->print_styles_inline('')
#11 /var/www/html/wp-includes/class-wp-hook.php(332): WP_Hook->apply_filters(NULL, Array)
#12 /var/www/html/wp-includes/plugin.php(517): WP_Hook->do_action(Array)
#13 /var/www/html/wp-includes/general-template.php(3043): do_action('wp_head')
#14 /var/www/html/wp-content/themes/flatsome/header.php(18): wp_head()
#15 /var/www/html/wp-includes/template.php(783): require_once('/var/www/html/w...')
#16 /var/www/html/wp-includes/template.php(718): load_template('/var/www/html/w...', true, Array)
#17 /var/www/html/wp-includes/general-template.php(48): locate_template(Array, true, true, Array)
#18 /var/www/html/wp-content/themes/flatsome/page-blank.php(9): get_header()
#19 /var/www/html/wp-includes/template-loader.php(106): include('/var/www/html/w...')
#20 /var/www/html/wp-blog-header.php(19): require_once('/var/www/html/w...')
#21 /var/www/html/index.php(17): require('/var/www/html/w...')
#22 {main}
  thrown in /var/www/html/wp-admin/includes/class-wp-filesystem-ftpext.php on line 372

2023-03-28T05:48:02+00:00 CRITICAL Uncaught TypeError: ftp_rename(): Argument #1 ($ftp) must be of type resource, null given in /var/www/html/wp-admin/includes/class-wp-filesystem-ftpext.php:372
Stack trace:
#0 /var/www/html/wp-admin/includes/class-wp-filesystem-ftpext.php(372): ftp_rename(NULL, '/tmp/QdVPSTAyLF...', '/var/www/html/w...')
#1 /var/www/html/wp-content/themes/flatsome/inc/admin/kirki/modules/webfonts/class-kirki-fonts-downloader.php(114): WP_Filesystem_FTPext->move('/tmp/QdVPSTAyLF...', '/var/www/html/w...', true)
#2 /var/www/html/wp-content/themes/flatsome/inc/admin/kirki/modules/webfonts/class-kirki-fonts-downloader.php(42): Kirki_Fonts_Downloader->get_local_files_from_css('/* vietnamese *...')
#3 /var/www/html/wp-content/themes/flatsome/inc/admin/kirki/modules/webfonts/class-kirki-fonts-downloader.php(30): Kirki_Fonts_Downloader->get_local_font_styles('/* vietnamese *...')
#4 /var/www/html/wp-content/themes/flatsome/inc/admin/kirki/modules/webfonts/class-kirki-modules-webfonts-embed.php(155): Kirki_Fonts_Downloader->get_styles('https://fonts.g...')
#5 /var/www/html/wp-includes/class-wp-hook.php(308): Kirki_Modules_Webfonts_Embed->the_css('')
#6 /var/www/html/wp-includes/class-wp-hook.php(332): WP_Hook->apply_filters(NULL, Array)
#7 /var/www/html/wp-includes/plugin.php(517): WP_Hook->do_action(Array)
#8 /var/www/html/wp-content/themes/flatsome/inc/admin/kirki/modules/css/class-kirki-modules-css.php(205): do_action('kirki_dynamic_c...')
#9 /var/www/html/wp-content/themes/flatsome/inc/admin/kirki/modules/css/class-kirki-modules-css.php(122): Kirki_Modules_CSS->print_styles()
#10 /var/www/html/wp-includes/class-wp-hook.php(308): Kirki_Modules_CSS->print_styles_inline('')
#11 /var/www/html/wp-includes/class-wp-hook.php(332): WP_Hook->apply_filters(NULL, Array)
#12 /var/www/html/wp-includes/plugin.php(517): WP_Hook->do_action(Array)
#13 /var/www/html/wp-includes/general-template.php(3043): do_action('wp_head')
#14 /var/www/html/wp-content/themes/flatsome/header.php(18): wp_head()
#15 /var/www/html/wp-includes/template.php(783): require_once('/var/www/html/w...')
#16 /var/www/html/wp-includes/template.php(718): load_template('/var/www/html/w...', true, Array)
#17 /var/www/html/wp-includes/general-template.php(48): locate_template(Array, true, true, Array)
#18 /var/www/html/wp-content/themes/flatsome/page-blank.php(9): get_header()
#19 /var/www/html/wp-includes/template-loader.php(106): include('/var/www/html/w...')
#20 /var/www/html/wp-blog-header.php(19): require_once('/var/www/html/w...')
#21 /var/www/html/index.php(17): require('/var/www/html/w...')
#22 {main}
  thrown in /var/www/html/wp-admin/includes/class-wp-filesystem-ftpext.php on line 372

2023-03-28T05:48:06+00:00 CRITICAL Uncaught TypeError: ftp_rename(): Argument #1 ($ftp) must be of type resource, null given in /var/www/html/wp-admin/includes/class-wp-filesystem-ftpext.php:372
Stack trace:
#0 /var/www/html/wp-admin/includes/class-wp-filesystem-ftpext.php(372): ftp_rename(NULL, '/tmp/QdVPSTAyLF...', '/var/www/html/w...')
#1 /var/www/html/wp-content/themes/flatsome/inc/admin/kirki/modules/webfonts/class-kirki-fonts-downloader.php(114): WP_Filesystem_FTPext->move('/tmp/QdVPSTAyLF...', '/var/www/html/w...', true)
#2 /var/www/html/wp-content/themes/flatsome/inc/admin/kirki/modules/webfonts/class-kirki-fonts-downloader.php(42): Kirki_Fonts_Downloader->get_local_files_from_css('/* vietnamese *...')
#3 /var/www/html/wp-content/themes/flatsome/inc/admin/kirki/modules/webfonts/class-kirki-fonts-downloader.php(30): Kirki_Fonts_Downloader->get_local_font_styles('/* vietnamese *...')
#4 /var/www/html/wp-content/themes/flatsome/inc/admin/kirki/modules/webfonts/class-kirki-modules-webfonts-embed.php(155): Kirki_Fonts_Downloader->get_styles('https://fonts.g...')
#5 /var/www/html/wp-includes/class-wp-hook.php(308): Kirki_Modules_Webfonts_Embed->the_css('')
#6 /var/www/html/wp-includes/class-wp-hook.php(332): WP_Hook->apply_filters(NULL, Array)
#7 /var/www/html/wp-includes/plugin.php(517): WP_Hook->do_action(Array)
#8 /var/www/html/wp-content/themes/flatsome/inc/admin/kirki/modules/css/class-kirki-modules-css.php(205): do_action('kirki_dynamic_c...')
#9 /var/www/html/wp-content/themes/flatsome/inc/admin/kirki/modules/css/class-kirki-modules-css.php(122): Kirki_Modules_CSS->print_styles()
#10 /var/www/html/wp-includes/class-wp-hook.php(308): Kirki_Modules_CSS->print_styles_inline('')
#11 /var/www/html/wp-includes/class-wp-hook.php(332): WP_Hook->apply_filters(NULL, Array)
#12 /var/www/html/wp-includes/plugin.php(517): WP_Hook->do_action(Array)
#13 /var/www/html/wp-includes/general-template.php(3043): do_action('wp_head')
#14 /var/www/html/wp-content/themes/flatsome/header.php(18): wp_head()
#15 /var/www/html/wp-includes/template.php(783): require_once('/var/www/html/w...')
#16 /var/www/html/wp-includes/template.php(718): load_template('/var/www/html/w...', true, Array)
#17 /var/www/html/wp-includes/general-template.php(48): locate_template(Array, true, true, Array)
#18 /var/www/html/wp-content/themes/flatsome/page-blank.php(9): get_header()
#19 /var/www/html/wp-includes/template-loader.php(106): include('/var/www/html/w...')
#20 /var/www/html/wp-blog-header.php(19): require_once('/var/www/html/w...')
#21 /var/www/html/index.php(17): require('/var/www/html/w...')
#22 {main}
  thrown in /var/www/html/wp-admin/includes/class-wp-filesystem-ftpext.php on line 372

2023-03-28T05:49:54+00:00 CRITICAL Uncaught TypeError: ftp_rename(): Argument #1 ($ftp) must be of type resource, null given in /var/www/html/wp-admin/includes/class-wp-filesystem-ftpext.php:372
Stack trace:
#0 /var/www/html/wp-admin/includes/class-wp-filesystem-ftpext.php(372): ftp_rename(NULL, '/tmp/QdVPSTAyLF...', '/var/www/html/w...')
#1 /var/www/html/wp-content/themes/flatsome/inc/admin/kirki/modules/webfonts/class-kirki-fonts-downloader.php(114): WP_Filesystem_FTPext->move('/tmp/QdVPSTAyLF...', '/var/www/html/w...', true)
#2 /var/www/html/wp-content/themes/flatsome/inc/admin/kirki/modules/webfonts/class-kirki-fonts-downloader.php(42): Kirki_Fonts_Downloader->get_local_files_from_css('/* vietnamese *...')
#3 /var/www/html/wp-content/themes/flatsome/inc/admin/kirki/modules/webfonts/class-kirki-fonts-downloader.php(30): Kirki_Fonts_Downloader->get_local_font_styles('/* vietnamese *...')
#4 /var/www/html/wp-content/themes/flatsome/inc/admin/kirki/modules/webfonts/class-kirki-modules-webfonts-embed.php(155): Kirki_Fonts_Downloader->get_styles('https://fonts.g...')
#5 /var/www/html/wp-includes/class-wp-hook.php(308): Kirki_Modules_Webfonts_Embed->the_css('')
#6 /var/www/html/wp-includes/class-wp-hook.php(332): WP_Hook->apply_filters(NULL, Array)
#7 /var/www/html/wp-includes/plugin.php(517): WP_Hook->do_action(Array)
#8 /var/www/html/wp-content/themes/flatsome/inc/admin/kirki/modules/css/class-kirki-modules-css.php(205): do_action('kirki_dynamic_c...')
#9 /var/www/html/wp-content/themes/flatsome/inc/admin/kirki/modules/css/class-kirki-modules-css.php(122): Kirki_Modules_CSS->print_styles()
#10 /var/www/html/wp-includes/class-wp-hook.php(308): Kirki_Modules_CSS->print_styles_inline('')
#11 /var/www/html/wp-includes/class-wp-hook.php(332): WP_Hook->apply_filters(NULL, Array)
#12 /var/www/html/wp-includes/plugin.php(517): WP_Hook->do_action(Array)
#13 /var/www/html/wp-includes/general-template.php(3043): do_action('wp_head')
#14 /var/www/html/wp-content/themes/flatsome/header.php(18): wp_head()
#15 /var/www/html/wp-includes/template.php(783): require_once('/var/www/html/w...')
#16 /var/www/html/wp-includes/template.php(718): load_template('/var/www/html/w...', true, Array)
#17 /var/www/html/wp-includes/general-template.php(48): locate_template(Array, true, true, Array)
#18 /var/www/html/wp-content/themes/flatsome/page-blank.php(9): get_header()
#19 /var/www/html/wp-includes/template-loader.php(106): include('/var/www/html/w...')
#20 /var/www/html/wp-blog-header.php(19): require_once('/var/www/html/w...')
#21 /var/www/html/index.php(17): require('/var/www/html/w...')
#22 {main}
  thrown in /var/www/html/wp-admin/includes/class-wp-filesystem-ftpext.php on line 372

2023-03-28T05:50:04+00:00 CRITICAL Uncaught TypeError: ftp_rename(): Argument #1 ($ftp) must be of type resource, null given in /var/www/html/wp-admin/includes/class-wp-filesystem-ftpext.php:372
Stack trace:
#0 /var/www/html/wp-admin/includes/class-wp-filesystem-ftpext.php(372): ftp_rename(NULL, '/tmp/QdVPSTAyLF...', '/var/www/html/w...')
#1 /var/www/html/wp-content/themes/flatsome/inc/admin/kirki/modules/webfonts/class-kirki-fonts-downloader.php(114): WP_Filesystem_FTPext->move('/tmp/QdVPSTAyLF...', '/var/www/html/w...', true)
#2 /var/www/html/wp-content/themes/flatsome/inc/admin/kirki/modules/webfonts/class-kirki-fonts-downloader.php(42): Kirki_Fonts_Downloader->get_local_files_from_css('/* vietnamese *...')
#3 /var/www/html/wp-content/themes/flatsome/inc/admin/kirki/modules/webfonts/class-kirki-fonts-downloader.php(30): Kirki_Fonts_Downloader->get_local_font_styles('/* vietnamese *...')
#4 /var/www/html/wp-content/themes/flatsome/inc/admin/kirki/modules/webfonts/class-kirki-modules-webfonts-embed.php(155): Kirki_Fonts_Downloader->get_styles('https://fonts.g...')
#5 /var/www/html/wp-includes/class-wp-hook.php(308): Kirki_Modules_Webfonts_Embed->the_css('')
#6 /var/www/html/wp-includes/class-wp-hook.php(332): WP_Hook->apply_filters(NULL, Array)
#7 /var/www/html/wp-includes/plugin.php(517): WP_Hook->do_action(Array)
#8 /var/www/html/wp-content/themes/flatsome/inc/admin/kirki/modules/css/class-kirki-modules-css.php(205): do_action('kirki_dynamic_c...')
#9 /var/www/html/wp-content/themes/flatsome/inc/admin/kirki/modules/css/class-kirki-modules-css.php(122): Kirki_Modules_CSS->print_styles()
#10 /var/www/html/wp-includes/class-wp-hook.php(308): Kirki_Modules_CSS->print_styles_inline('')
#11 /var/www/html/wp-includes/class-wp-hook.php(332): WP_Hook->apply_filters(NULL, Array)
#12 /var/www/html/wp-includes/plugin.php(517): WP_Hook->do_action(Array)
#13 /var/www/html/wp-includes/general-template.php(3043): do_action('wp_head')
#14 /var/www/html/wp-content/themes/flatsome/header.php(18): wp_head()
#15 /var/www/html/wp-includes/template.php(783): require_once('/var/www/html/w...')
#16 /var/www/html/wp-includes/template.php(718): load_template('/var/www/html/w...', true, Array)
#17 /var/www/html/wp-includes/general-template.php(48): locate_template(Array, true, true, Array)
#18 /var/www/html/wp-content/themes/flatsome/page-blank.php(9): get_header()
#19 /var/www/html/wp-includes/template-loader.php(106): include('/var/www/html/w...')
#20 /var/www/html/wp-blog-header.php(19): require_once('/var/www/html/w...')
#21 /var/www/html/index.php(17): require('/var/www/html/w...')
#22 {main}
  thrown in /var/www/html/wp-admin/includes/class-wp-filesystem-ftpext.php on line 372

2023-03-28T05:50:08+00:00 CRITICAL Uncaught TypeError: ftp_rename(): Argument #1 ($ftp) must be of type resource, null given in /var/www/html/wp-admin/includes/class-wp-filesystem-ftpext.php:372
Stack trace:
#0 /var/www/html/wp-admin/includes/class-wp-filesystem-ftpext.php(372): ftp_rename(NULL, '/tmp/QdVPSTAyLF...', '/var/www/html/w...')
#1 /var/www/html/wp-content/themes/flatsome/inc/admin/kirki/modules/webfonts/class-kirki-fonts-downloader.php(114): WP_Filesystem_FTPext->move('/tmp/QdVPSTAyLF...', '/var/www/html/w...', true)
#2 /var/www/html/wp-content/themes/flatsome/inc/admin/kirki/modules/webfonts/class-kirki-fonts-downloader.php(42): Kirki_Fonts_Downloader->get_local_files_from_css('/* vietnamese *...')
#3 /var/www/html/wp-content/themes/flatsome/inc/admin/kirki/modules/webfonts/class-kirki-fonts-downloader.php(30): Kirki_Fonts_Downloader->get_local_font_styles('/* vietnamese *...')
#4 /var/www/html/wp-content/themes/flatsome/inc/admin/kirki/modules/webfonts/class-kirki-modules-webfonts-embed.php(155): Kirki_Fonts_Downloader->get_styles('https://fonts.g...')
#5 /var/www/html/wp-includes/class-wp-hook.php(308): Kirki_Modules_Webfonts_Embed->the_css('')
#6 /var/www/html/wp-includes/class-wp-hook.php(332): WP_Hook->apply_filters(NULL, Array)
#7 /var/www/html/wp-includes/plugin.php(517): WP_Hook->do_action(Array)
#8 /var/www/html/wp-content/themes/flatsome/inc/admin/kirki/modules/css/class-kirki-modules-css.php(205): do_action('kirki_dynamic_c...')
#9 /var/www/html/wp-content/themes/flatsome/inc/admin/kirki/modules/css/class-kirki-modules-css.php(122): Kirki_Modules_CSS->print_styles()
#10 /var/www/html/wp-includes/class-wp-hook.php(308): Kirki_Modules_CSS->print_styles_inline('')
#11 /var/www/html/wp-includes/class-wp-hook.php(332): WP_Hook->apply_filters(NULL, Array)
#12 /var/www/html/wp-includes/plugin.php(517): WP_Hook->do_action(Array)
#13 /var/www/html/wp-includes/general-template.php(3043): do_action('wp_head')
#14 /var/www/html/wp-content/themes/flatsome/header.php(18): wp_head()
#15 /var/www/html/wp-includes/template.php(783): require_once('/var/www/html/w...')
#16 /var/www/html/wp-includes/template.php(718): load_template('/var/www/html/w...', true, Array)
#17 /var/www/html/wp-includes/general-template.php(48): locate_template(Array, true, true, Array)
#18 /var/www/html/wp-content/themes/flatsome/page-blank.php(9): get_header()
#19 /var/www/html/wp-includes/template-loader.php(106): include('/var/www/html/w...')
#20 /var/www/html/wp-blog-header.php(19): require_once('/var/www/html/w...')
#21 /var/www/html/index.php(17): require('/var/www/html/w...')
#22 {main}
  thrown in /var/www/html/wp-admin/includes/class-wp-filesystem-ftpext.php on line 372

2023-03-28T05:50:18+00:00 CRITICAL Uncaught TypeError: ftp_rename(): Argument #1 ($ftp) must be of type resource, null given in /var/www/html/wp-admin/includes/class-wp-filesystem-ftpext.php:372
Stack trace:
#0 /var/www/html/wp-admin/includes/class-wp-filesystem-ftpext.php(372): ftp_rename(NULL, '/tmp/QdVPSTAyLF...', '/var/www/html/w...')
#1 /var/www/html/wp-content/themes/flatsome/inc/admin/kirki/modules/webfonts/class-kirki-fonts-downloader.php(114): WP_Filesystem_FTPext->move('/tmp/QdVPSTAyLF...', '/var/www/html/w...', true)
#2 /var/www/html/wp-content/themes/flatsome/inc/admin/kirki/modules/webfonts/class-kirki-fonts-downloader.php(42): Kirki_Fonts_Downloader->get_local_files_from_css('/* vietnamese *...')
#3 /var/www/html/wp-content/themes/flatsome/inc/admin/kirki/modules/webfonts/class-kirki-fonts-downloader.php(30): Kirki_Fonts_Downloader->get_local_font_styles('/* vietnamese *...')
#4 /var/www/html/wp-content/themes/flatsome/inc/admin/kirki/modules/webfonts/class-kirki-modules-webfonts-embed.php(155): Kirki_Fonts_Downloader->get_styles('https://fonts.g...')
#5 /var/www/html/wp-includes/class-wp-hook.php(308): Kirki_Modules_Webfonts_Embed->the_css('')
#6 /var/www/html/wp-includes/class-wp-hook.php(332): WP_Hook->apply_filters(NULL, Array)
#7 /var/www/html/wp-includes/plugin.php(517): WP_Hook->do_action(Array)
#8 /var/www/html/wp-content/themes/flatsome/inc/admin/kirki/modules/css/class-kirki-modules-css.php(205): do_action('kirki_dynamic_c...')
#9 /var/www/html/wp-content/themes/flatsome/inc/admin/kirki/modules/css/class-kirki-modules-css.php(122): Kirki_Modules_CSS->print_styles()
#10 /var/www/html/wp-includes/class-wp-hook.php(308): Kirki_Modules_CSS->print_styles_inline('')
#11 /var/www/html/wp-includes/class-wp-hook.php(332): WP_Hook->apply_filters(NULL, Array)
#12 /var/www/html/wp-includes/plugin.php(517): WP_Hook->do_action(Array)
#13 /var/www/html/wp-includes/general-template.php(3043): do_action('wp_head')
#14 /var/www/html/wp-content/themes/flatsome/header.php(18): wp_head()
#15 /var/www/html/wp-includes/template.php(783): require_once('/var/www/html/w...')
#16 /var/www/html/wp-includes/template.php(718): load_template('/var/www/html/w...', true, Array)
#17 /var/www/html/wp-includes/general-template.php(48): locate_template(Array, true, true, Array)
#18 /var/www/html/wp-content/themes/flatsome/page-blank.php(9): get_header()
#19 /var/www/html/wp-includes/template-loader.php(106): include('/var/www/html/w...')
#20 /var/www/html/wp-blog-header.php(19): require_once('/var/www/html/w...')
#21 /var/www/html/index.php(17): require('/var/www/html/w...')
#22 {main}
  thrown in /var/www/html/wp-admin/includes/class-wp-filesystem-ftpext.php on line 372

2023-03-28T05:50:51+00:00 CRITICAL Uncaught TypeError: ftp_rename(): Argument #1 ($ftp) must be of type resource, null given in /var/www/html/wp-admin/includes/class-wp-filesystem-ftpext.php:372
Stack trace:
#0 /var/www/html/wp-admin/includes/class-wp-filesystem-ftpext.php(372): ftp_rename(NULL, '/tmp/QdVPSTAyLF...', '/var/www/html/w...')
#1 /var/www/html/wp-content/themes/flatsome/inc/admin/kirki/modules/webfonts/class-kirki-fonts-downloader.php(114): WP_Filesystem_FTPext->move('/tmp/QdVPSTAyLF...', '/var/www/html/w...', true)
#2 /var/www/html/wp-content/themes/flatsome/inc/admin/kirki/modules/webfonts/class-kirki-fonts-downloader.php(42): Kirki_Fonts_Downloader->get_local_files_from_css('/* vietnamese *...')
#3 /var/www/html/wp-content/themes/flatsome/inc/admin/kirki/modules/webfonts/class-kirki-fonts-downloader.php(30): Kirki_Fonts_Downloader->get_local_font_styles('/* vietnamese *...')
#4 /var/www/html/wp-content/themes/flatsome/inc/admin/kirki/modules/webfonts/class-kirki-modules-webfonts-embed.php(155): Kirki_Fonts_Downloader->get_styles('https://fonts.g...')
#5 /var/www/html/wp-includes/class-wp-hook.php(308): Kirki_Modules_Webfonts_Embed->the_css('')
#6 /var/www/html/wp-includes/class-wp-hook.php(332): WP_Hook->apply_filters(NULL, Array)
#7 /var/www/html/wp-includes/plugin.php(517): WP_Hook->do_action(Array)
#8 /var/www/html/wp-content/themes/flatsome/inc/admin/kirki/modules/css/class-kirki-modules-css.php(205): do_action('kirki_dynamic_c...')
#9 /var/www/html/wp-content/themes/flatsome/inc/admin/kirki/modules/css/class-kirki-modules-css.php(122): Kirki_Modules_CSS->print_styles()
#10 /var/www/html/wp-includes/class-wp-hook.php(308): Kirki_Modules_CSS->print_styles_inline('')
#11 /var/www/html/wp-includes/class-wp-hook.php(332): WP_Hook->apply_filters(NULL, Array)
#12 /var/www/html/wp-includes/plugin.php(517): WP_Hook->do_action(Array)
#13 /var/www/html/wp-includes/general-template.php(3043): do_action('wp_head')
#14 /var/www/html/wp-content/themes/flatsome/header.php(18): wp_head()
#15 /var/www/html/wp-includes/template.php(783): require_once('/var/www/html/w...')
#16 /var/www/html/wp-includes/template.php(718): load_template('/var/www/html/w...', true, Array)
#17 /var/www/html/wp-includes/general-template.php(48): locate_template(Array, true, true, Array)
#18 /var/www/html/wp-content/themes/flatsome/page-blank.php(9): get_header()
#19 /var/www/html/wp-includes/template-loader.php(106): include('/var/www/html/w...')
#20 /var/www/html/wp-blog-header.php(19): require_once('/var/www/html/w...')
#21 /var/www/html/index.php(17): require('/var/www/html/w...')
#22 {main}
  thrown in /var/www/html/wp-admin/includes/class-wp-filesystem-ftpext.php on line 372

2023-03-28T05:51:27+00:00 CRITICAL Uncaught TypeError: ftp_rename(): Argument #1 ($ftp) must be of type resource, null given in /var/www/html/wp-admin/includes/class-wp-filesystem-ftpext.php:372
Stack trace:
#0 /var/www/html/wp-admin/includes/class-wp-filesystem-ftpext.php(372): ftp_rename(NULL, '/tmp/QdVPSTAyLF...', '/var/www/html/w...')
#1 /var/www/html/wp-content/themes/flatsome/inc/admin/kirki/modules/webfonts/class-kirki-fonts-downloader.php(114): WP_Filesystem_FTPext->move('/tmp/QdVPSTAyLF...', '/var/www/html/w...', true)
#2 /var/www/html/wp-content/themes/flatsome/inc/admin/kirki/modules/webfonts/class-kirki-fonts-downloader.php(42): Kirki_Fonts_Downloader->get_local_files_from_css('/* vietnamese *...')
#3 /var/www/html/wp-content/themes/flatsome/inc/admin/kirki/modules/webfonts/class-kirki-fonts-downloader.php(30): Kirki_Fonts_Downloader->get_local_font_styles('/* vietnamese *...')
#4 /var/www/html/wp-content/themes/flatsome/inc/admin/kirki/modules/webfonts/class-kirki-modules-webfonts-embed.php(155): Kirki_Fonts_Downloader->get_styles('https://fonts.g...')
#5 /var/www/html/wp-includes/class-wp-hook.php(308): Kirki_Modules_Webfonts_Embed->the_css('')
#6 /var/www/html/wp-includes/class-wp-hook.php(332): WP_Hook->apply_filters(NULL, Array)
#7 /var/www/html/wp-includes/plugin.php(517): WP_Hook->do_action(Array)
#8 /var/www/html/wp-content/themes/flatsome/inc/admin/kirki/modules/css/class-kirki-modules-css.php(205): do_action('kirki_dynamic_c...')
#9 /var/www/html/wp-content/themes/flatsome/inc/admin/kirki/modules/css/class-kirki-modules-css.php(122): Kirki_Modules_CSS->print_styles()
#10 /var/www/html/wp-includes/class-wp-hook.php(308): Kirki_Modules_CSS->print_styles_inline('')
#11 /var/www/html/wp-includes/class-wp-hook.php(332): WP_Hook->apply_filters(NULL, Array)
#12 /var/www/html/wp-includes/plugin.php(517): WP_Hook->do_action(Array)
#13 /var/www/html/wp-includes/general-template.php(3043): do_action('wp_head')
#14 /var/www/html/wp-content/themes/flatsome/header.php(18): wp_head()
#15 /var/www/html/wp-includes/template.php(783): require_once('/var/www/html/w...')
#16 /var/www/html/wp-includes/template.php(718): load_template('/var/www/html/w...', true, Array)
#17 /var/www/html/wp-includes/general-template.php(48): locate_template(Array, true, true, Array)
#18 /var/www/html/wp-content/themes/flatsome/page-blank.php(9): get_header()
#19 /var/www/html/wp-includes/template-loader.php(106): include('/var/www/html/w...')
#20 /var/www/html/wp-blog-header.php(19): require_once('/var/www/html/w...')
#21 /var/www/html/index.php(17): require('/var/www/html/w...')
#22 {main}
  thrown in /var/www/html/wp-admin/includes/class-wp-filesystem-ftpext.php on line 372

2023-03-28T05:51:52+00:00 CRITICAL Uncaught TypeError: ftp_rename(): Argument #1 ($ftp) must be of type resource, null given in /var/www/html/wp-admin/includes/class-wp-filesystem-ftpext.php:372
Stack trace:
#0 /var/www/html/wp-admin/includes/class-wp-filesystem-ftpext.php(372): ftp_rename(NULL, '/tmp/QdVPSTAyLF...', '/var/www/html/w...')
#1 /var/www/html/wp-content/themes/flatsome/inc/admin/kirki/modules/webfonts/class-kirki-fonts-downloader.php(114): WP_Filesystem_FTPext->move('/tmp/QdVPSTAyLF...', '/var/www/html/w...', true)
#2 /var/www/html/wp-content/themes/flatsome/inc/admin/kirki/modules/webfonts/class-kirki-fonts-downloader.php(42): Kirki_Fonts_Downloader->get_local_files_from_css('/* vietnamese *...')
#3 /var/www/html/wp-content/themes/flatsome/inc/admin/kirki/modules/webfonts/class-kirki-fonts-downloader.php(30): Kirki_Fonts_Downloader->get_local_font_styles('/* vietnamese *...')
#4 /var/www/html/wp-content/themes/flatsome/inc/admin/kirki/modules/webfonts/class-kirki-modules-webfonts-embed.php(155): Kirki_Fonts_Downloader->get_styles('https://fonts.g...')
#5 /var/www/html/wp-includes/class-wp-hook.php(308): Kirki_Modules_Webfonts_Embed->the_css('')
#6 /var/www/html/wp-includes/class-wp-hook.php(332): WP_Hook->apply_filters(NULL, Array)
#7 /var/www/html/wp-includes/plugin.php(517): WP_Hook->do_action(Array)
#8 /var/www/html/wp-content/themes/flatsome/inc/admin/kirki/modules/css/class-kirki-modules-css.php(205): do_action('kirki_dynamic_c...')
#9 /var/www/html/wp-content/themes/flatsome/inc/admin/kirki/modules/css/class-kirki-modules-css.php(122): Kirki_Modules_CSS->print_styles()
#10 /var/www/html/wp-includes/class-wp-hook.php(308): Kirki_Modules_CSS->print_styles_inline('')
#11 /var/www/html/wp-includes/class-wp-hook.php(332): WP_Hook->apply_filters(NULL, Array)
#12 /var/www/html/wp-includes/plugin.php(517): WP_Hook->do_action(Array)
#13 /var/www/html/wp-includes/general-template.php(3043): do_action('wp_head')
#14 /var/www/html/wp-content/themes/flatsome/header.php(18): wp_head()
#15 /var/www/html/wp-includes/template.php(783): require_once('/var/www/html/w...')
#16 /var/www/html/wp-includes/template.php(718): load_template('/var/www/html/w...', true, Array)
#17 /var/www/html/wp-includes/general-template.php(48): locate_template(Array, true, true, Array)
#18 /var/www/html/wp-content/themes/flatsome/page-blank.php(9): get_header()
#19 /var/www/html/wp-includes/template-loader.php(106): include('/var/www/html/w...')
#20 /var/www/html/wp-blog-header.php(19): require_once('/var/www/html/w...')
#21 /var/www/html/index.php(17): require('/var/www/html/w...')
#22 {main}
  thrown in /var/www/html/wp-admin/includes/class-wp-filesystem-ftpext.php on line 372

2023-03-28T05:51:58+00:00 CRITICAL Uncaught TypeError: ftp_rename(): Argument #1 ($ftp) must be of type resource, null given in /var/www/html/wp-admin/includes/class-wp-filesystem-ftpext.php:372
Stack trace:
#0 /var/www/html/wp-admin/includes/class-wp-filesystem-ftpext.php(372): ftp_rename(NULL, '/tmp/QdVMSTAyLF...', '/var/www/html/w...')
#1 /var/www/html/wp-content/themes/flatsome/inc/admin/kirki/modules/webfonts/class-kirki-fonts-downloader.php(114): WP_Filesystem_FTPext->move('/tmp/QdVMSTAyLF...', '/var/www/html/w...', true)
#2 /var/www/html/wp-content/themes/flatsome/inc/admin/kirki/modules/webfonts/class-kirki-fonts-downloader.php(42): Kirki_Fonts_Downloader->get_local_files_from_css('/* vietnamese *...')
#3 /var/www/html/wp-content/themes/flatsome/inc/admin/kirki/modules/webfonts/class-kirki-fonts-downloader.php(30): Kirki_Fonts_Downloader->get_local_font_styles('/* vietnamese *...')
#4 /var/www/html/wp-content/themes/flatsome/inc/admin/kirki/modules/webfonts/class-kirki-modules-webfonts-embed.php(155): Kirki_Fonts_Downloader->get_styles('https://fonts.g...')
#5 /var/www/html/wp-includes/class-wp-hook.php(308): Kirki_Modules_Webfonts_Embed->the_css('')
#6 /var/www/html/wp-includes/class-wp-hook.php(332): WP_Hook->apply_filters(NULL, Array)
#7 /var/www/html/wp-includes/plugin.php(517): WP_Hook->do_action(Array)
#8 /var/www/html/wp-content/themes/flatsome/inc/admin/kirki/modules/css/class-kirki-modules-css.php(205): do_action('kirki_dynamic_c...')
#9 /var/www/html/wp-content/themes/flatsome/inc/admin/kirki/modules/css/class-kirki-modules-css.php(122): Kirki_Modules_CSS->print_styles()
#10 /var/www/html/wp-includes/class-wp-hook.php(308): Kirki_Modules_CSS->print_styles_inline('')
#11 /var/www/html/wp-includes/class-wp-hook.php(332): WP_Hook->apply_filters(NULL, Array)
#12 /var/www/html/wp-includes/plugin.php(517): WP_Hook->do_action(Array)
#13 /var/www/html/wp-includes/general-template.php(3043): do_action('wp_head')
#14 /var/www/html/wp-content/themes/flatsome/header.php(18): wp_head()
#15 /var/www/html/wp-includes/template.php(783): require_once('/var/www/html/w...')
#16 /var/www/html/wp-includes/template.php(718): load_template('/var/www/html/w...', true, Array)
#17 /var/www/html/wp-includes/general-template.php(48): locate_template(Array, true, true, Array)
#18 /var/www/html/wp-content/themes/flatsome/page-blank.php(9): get_header()
#19 /var/www/html/wp-includes/template-loader.php(106): include('/var/www/html/w...')
#20 /var/www/html/wp-blog-header.php(19): require_once('/var/www/html/w...')
#21 /var/www/html/index.php(17): require('/var/www/html/w...')
#22 {main}
  thrown in /var/www/html/wp-admin/includes/class-wp-filesystem-ftpext.php on line 372

