2023-03-27T07:49:32+00:00 ERROR Incorrect response from Mailchimp API with: stdClass Object
(
    [code] => mailchimp-error
    [message] => A MailChimp error has occurred.
    [data] => stdClass Object
        (
            [type] => https://mailchimp.com/developer/marketing/docs/errors/
            [title] => Invalid Resource
            [status] => 400
            [detail] => Your merge fields were invalid.
            [instance] => ee7deb8a-34a8-a047-bc16-6fc7d154989f
            [errors] => Array
                (
                    [0] => stdClass Object
                        (
                            [field] => ADDRESS
                            [message] => Please enter a complete address
                        )

                )

        )

)

